[ 25%] [32mBuilding CXX object CMakeFiles/talker_wasm.dir/src/wasm_node.cpp.o[0m
[ 75%] Built target talker
In file included from [01m[K/home/oss/b1018262/ROS/ros2-on-wasmer/dev_ws/src/pubsub_wasm/src/wasm_node.cpp:20[m[K:
[01m[K/home/oss/b1018262/ROS/ros2-on-wasmer/dev_ws/src/pubsub_wasm/src/function.hpp:[m[K In function â€˜[01m[Kint foo(wasm_exec_env_t, int, int)[m[Kâ€™:
[01m[K/home/oss/b1018262/ROS/ros2-on-wasmer/dev_ws/src/pubsub_wasm/src/function.hpp:6:25:[m[K [01;35m[Kwarning: [m[Kunused parameter â€˜[01m[Kexec_env[m[Kâ€™ [[01;35m[K-Wunused-parameter[m[K]
 int foo([01;35m[Kwasm_exec_env_t exec_env[m[K, int a, int b)
         [01;35m[K~~~~~~~~~~~~~~~~^~~~~~~~[m[K
[01m[K/home/oss/b1018262/ROS/ros2-on-wasmer/dev_ws/src/pubsub_wasm/src/function.hpp:[m[K In function â€˜[01m[Kvoid bar(wasm_exec_env_t, int, int, int, int)[m[Kâ€™:
[01m[K/home/oss/b1018262/ROS/ros2-on-wasmer/dev_ws/src/pubsub_wasm/src/function.hpp:12:26:[m[K [01;35m[Kwarning: [m[Kunused parameter â€˜[01m[Kexec_env[m[Kâ€™ [[01;35m[K-Wunused-parameter[m[K]
 void bar([01;35m[Kwasm_exec_env_t exec_env[m[K, int a, int b, int c, int d)
          [01;35m[K~~~~~~~~~~~~~~~~^~~~~~~~[m[K
[01m[K/home/oss/b1018262/ROS/ros2-on-wasmer/dev_ws/src/pubsub_wasm/src/wasm_node.cpp:[m[K In function â€˜[01m[Kvoid init_wamr()[m[Kâ€™:
[01m[K/home/oss/b1018262/ROS/ros2-on-wasmer/dev_ws/src/pubsub_wasm/src/wasm_node.cpp:73:12:[m[K [01;31m[Kerror: [m[Kinvalid conversion from â€˜[01m[Kvoid (*)(wasm_exec_env_t, int, int, int, int)[m[Kâ€™ {aka â€˜[01m[Kvoid (*)(WASMExecEnv*, int, int, int, int)[m[Kâ€™} to â€˜[01m[Kvoid*[m[Kâ€™ [[01;31m[K-fpermissive[m[K]
           }[01;31m[K}[m[K;
            [01;31m[K^[m[K
[01m[K/home/oss/b1018262/ROS/ros2-on-wasmer/dev_ws/src/pubsub_wasm/src/wasm_node.cpp:73:12:[m[K [01;35m[Kwarning: [m[Kmissing initializer for member â€˜[01m[KNativeSymbol::attachment[m[Kâ€™ [[01;35m[K-Wmissing-field-initializers[m[K]
[01m[K/home/oss/b1018262/ROS/ros2-on-wasmer/dev_ws/src/pubsub_wasm/src/wasm_node.cpp:73:12:[m[K [01;31m[Kerror: [m[Kinvalid conversion from â€˜[01m[Kint (*)(wasm_exec_env_t, int, int)[m[Kâ€™ {aka â€˜[01m[Kint (*)(WASMExecEnv*, int, int)[m[Kâ€™} to â€˜[01m[Kvoid*[m[Kâ€™ [[01;31m[K-fpermissive[m[K]
[01m[K/home/oss/b1018262/ROS/ros2-on-wasmer/dev_ws/src/pubsub_wasm/src/wasm_node.cpp:73:12:[m[K [01;35m[Kwarning: [m[Kmissing initializer for member â€˜[01m[KNativeSymbol::attachment[m[Kâ€™ [[01;35m[K-Wmissing-field-initializers[m[K]
[01m[K/home/oss/b1018262/ROS/ros2-on-wasmer/dev_ws/src/pubsub_wasm/src/wasm_node.cpp:[m[K In function â€˜[01m[Kint main(int, char**)[m[Kâ€™:
[01m[K/home/oss/b1018262/ROS/ros2-on-wasmer/dev_ws/src/pubsub_wasm/src/wasm_node.cpp:98:18:[m[K [01;31m[Kerror: [m[Kinvalid conversion from â€˜[01m[Kvoid*[m[Kâ€™ to â€˜[01m[Kchar*[m[Kâ€™ [[01;31m[K-fpermissive[m[K]
   buffer = [01;31m[Kmalloc(sizeof(char) * size)[m[K;
            [01;31m[K~~~~~~^~~~~~~~~~~~~~~~~~~~~[m[K
[01m[K/home/oss/b1018262/ROS/ros2-on-wasmer/dev_ws/src/pubsub_wasm/src/wasm_node.cpp:104:30:[m[K [01;31m[Kerror: [m[Kinvalid conversion from â€˜[01m[Kchar*[m[Kâ€™ to â€˜[01m[Kconst uint8_t*[m[Kâ€™ {aka â€˜[01m[Kconst unsigned char*[m[Kâ€™} [[01;31m[K-fpermissive[m[K]
   module = wasm_runtime_load([01;31m[Kbuffer[m[K, size, error_buf, sizeof(error_buf));
                              [01;31m[K^~~~~~[m[K
In file included from [01m[K/home/oss/b1018262/ROS/ros2-on-wasmer/dev_ws/src/pubsub_wasm/src/wasm_node.cpp:19[m[K:
[01m[K/usr/include/wasm_export.h:291:34:[m[K [01;36m[Knote: [m[K  initializing argument 1 of â€˜[01m[KWASMModuleCommon* wasm_runtime_load(const uint8_t*, uint32_t, char*, uint32_t)[m[Kâ€™
 wasm_runtime_load([01;36m[Kconst uint8_t *buf[m[K, uint32_t size,
                   [01;36m[K~~~~~~~~~~~~~~~^~~[m[K
CMakeFiles/talker_wasm.dir/build.make:62: recipe for target 'CMakeFiles/talker_wasm.dir/src/wasm_node.cpp.o' failed
make[2]: *** [CMakeFiles/talker_wasm.dir/src/wasm_node.cpp.o] Error 1
make[1]: *** [CMakeFiles/talker_wasm.dir/all] Error 2
CMakeFiles/Makefile2:136: recipe for target 'CMakeFiles/talker_wasm.dir/all' failed
Makefile:140: recipe for target 'all' failed
make: *** [all] Error 2
