[0.075s] Invoking command in '/home/oss/b1018262/ROS/ros2-on-wasmer/dev_ws/build/pubsub_wasm': CMAKE_PREFIX_PATH=${CMAKE_PREFIX_PATH}:/opt/ros/dashing /usr/bin/cmake --build /home/oss/b1018262/ROS/ros2-on-wasmer/dev_ws/build/pubsub_wasm -- -j4 -l4
[0.239s] [35m[1mScanning dependencies of target talker_wasm[0m
[0.294s] [ 50%] Built target talker
[0.330s] [ 75%] [32mBuilding CXX object CMakeFiles/talker_wasm.dir/src/wasm_node.cpp.o[0m
[1.369s] In file included from [01m[K/home/oss/b1018262/ROS/ros2-on-wasmer/dev_ws/src/pubsub_wasm/src/wasm_node.cpp:20[m[K:
[1.369s] [01m[K/home/oss/b1018262/ROS/ros2-on-wasmer/dev_ws/src/pubsub_wasm/src/function.hpp:[m[K In function â€˜[01m[Kint foo(wasm_exec_env_t, int, int)[m[Kâ€™:
[1.370s] [01m[K/home/oss/b1018262/ROS/ros2-on-wasmer/dev_ws/src/pubsub_wasm/src/function.hpp:6:25:[m[K [01;35m[Kwarning: [m[Kunused parameter â€˜[01m[Kexec_env[m[Kâ€™ [[01;35m[K-Wunused-parameter[m[K]
[1.370s]  int foo([01;35m[Kwasm_exec_env_t exec_env[m[K, int a, int b)
[1.371s]          [01;35m[K~~~~~~~~~~~~~~~~^~~~~~~~[m[K
[1.371s] [01m[K/home/oss/b1018262/ROS/ros2-on-wasmer/dev_ws/src/pubsub_wasm/src/function.hpp:[m[K In function â€˜[01m[Kvoid bar(wasm_exec_env_t, int, int, int, int)[m[Kâ€™:
[1.372s] [01m[K/home/oss/b1018262/ROS/ros2-on-wasmer/dev_ws/src/pubsub_wasm/src/function.hpp:12:26:[m[K [01;35m[Kwarning: [m[Kunused parameter â€˜[01m[Kexec_env[m[Kâ€™ [[01;35m[K-Wunused-parameter[m[K]
[1.372s]  void bar([01;35m[Kwasm_exec_env_t exec_env[m[K, int a, int b, int c, int d)
[1.373s]           [01;35m[K~~~~~~~~~~~~~~~~^~~~~~~~[m[K
[4.446s] [01m[K/home/oss/b1018262/ROS/ros2-on-wasmer/dev_ws/src/pubsub_wasm/src/wasm_node.cpp:[m[K In function â€˜[01m[Kvoid init_wamr()[m[Kâ€™:
[4.446s] [01m[K/home/oss/b1018262/ROS/ros2-on-wasmer/dev_ws/src/pubsub_wasm/src/wasm_node.cpp:73:12:[m[K [01;35m[Kwarning: [m[Kmissing initializer for member â€˜[01m[KNativeSymbol::attachment[m[Kâ€™ [[01;35m[K-Wmissing-field-initializers[m[K]
[4.447s]            }[01;35m[K}[m[K;
[4.448s]             [01;35m[K^[m[K
[4.449s] [01m[K/home/oss/b1018262/ROS/ros2-on-wasmer/dev_ws/src/pubsub_wasm/src/wasm_node.cpp:73:12:[m[K [01;35m[Kwarning: [m[Kmissing initializer for member â€˜[01m[KNativeSymbol::attachment[m[Kâ€™ [[01;35m[K-Wmissing-field-initializers[m[K]
[4.449s] [01m[K/home/oss/b1018262/ROS/ros2-on-wasmer/dev_ws/src/pubsub_wasm/src/wasm_node.cpp:[m[K In function â€˜[01m[Kint main(int, char**)[m[Kâ€™:
[4.450s] [01m[K/home/oss/b1018262/ROS/ros2-on-wasmer/dev_ws/src/pubsub_wasm/src/wasm_node.cpp:99:9:[m[K [01;31m[Kerror: [m[Kinvalid conversion from â€˜[01m[Kconst void*[m[Kâ€™ to â€˜[01m[Kvoid*[m[Kâ€™ [[01;31m[K-fpermissive[m[K]
[4.450s]    fread([01;31m[Kbuffer[m[K, sizeof(char), size, fp);
[4.451s]          [01;31m[K^~~~~~[m[K
[4.451s] In file included from [01m[K/usr/include/c++/8/cstdio:42[m[K,
[4.452s]                  from [01m[K/usr/include/c++/8/ext/string_conversions.h:43[m[K,
[4.452s]                  from [01m[K/usr/include/c++/8/bits/basic_string.h:6400[m[K,
[4.453s]                  from [01m[K/usr/include/c++/8/string:52[m[K,
[4.453s]                  from [01m[K/usr/include/c++/8/stdexcept:39[m[K,
[4.454s]                  from [01m[K/usr/include/c++/8/array:39[m[K,
[4.454s]                  from [01m[K/usr/include/c++/8/tuple:39[m[K,
[4.454s]                  from [01m[K/usr/include/c++/8/bits/unique_ptr.h:37[m[K,
[4.455s]                  from [01m[K/usr/include/c++/8/memory:80[m[K,
[4.455s]                  from [01m[K/home/oss/b1018262/ROS/ros2-on-wasmer/dev_ws/src/pubsub_wasm/src/wasm_node.cpp:16[m[K:
[4.456s] [01m[K/usr/include/stdio.h:646:39:[m[K [01;36m[Knote: [m[K  initializing argument 1 of â€˜[01m[Ksize_t fread(void*, size_t, size_t, FILE*)[m[Kâ€™
[4.456s]  extern size_t fread ([01;36m[Kvoid *__restrict __ptr[m[K, size_t __size,
[4.457s]                       [01;36m[K~~~~~~~~~~~~~~~~~^~~~~[m[K
[5.724s] CMakeFiles/talker_wasm.dir/build.make:62: recipe for target 'CMakeFiles/talker_wasm.dir/src/wasm_node.cpp.o' failed
[5.726s] make[2]: *** [CMakeFiles/talker_wasm.dir/src/wasm_node.cpp.o] Error 1
[5.726s] make[1]: *** [CMakeFiles/talker_wasm.dir/all] Error 2
[5.727s] make: *** [all] Error 2
[5.728s] CMakeFiles/Makefile2:136: recipe for target 'CMakeFiles/talker_wasm.dir/all' failed
[5.728s] Makefile:140: recipe for target 'all' failed
[5.732s] Invoked command in '/home/oss/b1018262/ROS/ros2-on-wasmer/dev_ws/build/pubsub_wasm' returned '2': CMAKE_PREFIX_PATH=${CMAKE_PREFIX_PATH}:/opt/ros/dashing /usr/bin/cmake --build /home/oss/b1018262/ROS/ros2-on-wasmer/dev_ws/build/pubsub_wasm -- -j4 -l4
