[0.073s] Invoking command in '/home/oss/b1018262/ROS/ros2-on-wasmer/dev_ws/build/pubsub_wasm': CMAKE_PREFIX_PATH=${CMAKE_PREFIX_PATH}:/opt/ros/dashing /usr/bin/cmake --build /home/oss/b1018262/ROS/ros2-on-wasmer/dev_ws/build/pubsub_wasm -- -j4 -l4
[0.295s] [ 25%] [32mBuilding CXX object CMakeFiles/talker_wasm.dir/src/wasm_node.cpp.o[0m
[0.297s] [ 75%] Built target talker_node
[4.269s] In file included from [01m[K/home/oss/b1018262/ROS/ros2-on-wasmer/dev_ws/src/pubsub_wasm/src/wasm_node.cpp:20[m[K:
[4.270s] [01m[K/home/oss/b1018262/ROS/ros2-on-wasmer/dev_ws/src/pubsub_wasm/src/function.hpp:17:29:[m[K [01;31m[Kerror: [m[Ktype/value mismatch at argument 2 in template parameter list for â€˜[01m[Ktemplate<class _Key, class _Tp, class _Compare, class _Alloc> class std::map[m[Kâ€™
[4.270s]    map<u32, rclcpp::Publisher[01;31m[K>[m[K publishers;
[4.271s]                              [01;31m[K^[m[K
[4.271s] [01m[K/home/oss/b1018262/ROS/ros2-on-wasmer/dev_ws/src/pubsub_wasm/src/function.hpp:17:29:[m[K [01;36m[Knote: [m[K  expected a type, got â€˜[01m[KPublisher[m[Kâ€™
[4.272s] [01m[K/home/oss/b1018262/ROS/ros2-on-wasmer/dev_ws/src/pubsub_wasm/src/function.hpp:17:29:[m[K [01;31m[Kerror: [m[Ktemplate argument 4 is invalid
[4.273s] [01m[K/home/oss/b1018262/ROS/ros2-on-wasmer/dev_ws/src/pubsub_wasm/src/function.hpp:[m[K In function â€˜[01m[Kint foo(wasm_exec_env_t, int, int)[m[Kâ€™:
[4.274s] [01m[K/home/oss/b1018262/ROS/ros2-on-wasmer/dev_ws/src/pubsub_wasm/src/function.hpp:25:25:[m[K [01;35m[Kwarning: [m[Kunused parameter â€˜[01m[Kexec_env[m[Kâ€™ [[01;35m[K-Wunused-parameter[m[K]
[4.275s]  int foo([01;35m[Kwasm_exec_env_t exec_env[m[K, int a, int b)
[4.275s]          [01;35m[K~~~~~~~~~~~~~~~~^~~~~~~~[m[K
[4.276s] [01m[K/home/oss/b1018262/ROS/ros2-on-wasmer/dev_ws/src/pubsub_wasm/src/function.hpp:[m[K In function â€˜[01m[Kvoid bar(wasm_exec_env_t, int, int, int, int)[m[Kâ€™:
[4.277s] [01m[K/home/oss/b1018262/ROS/ros2-on-wasmer/dev_ws/src/pubsub_wasm/src/function.hpp:31:26:[m[K [01;35m[Kwarning: [m[Kunused parameter â€˜[01m[Kexec_env[m[Kâ€™ [[01;35m[K-Wunused-parameter[m[K]
[4.277s]  void bar([01;35m[Kwasm_exec_env_t exec_env[m[K, int a, int b, int c, int d)
[4.278s]           [01;35m[K~~~~~~~~~~~~~~~~^~~~~~~~[m[K
[4.278s] [01m[K/home/oss/b1018262/ROS/ros2-on-wasmer/dev_ws/src/pubsub_wasm/src/function.hpp:[m[K In function â€˜[01m[Ku32 create_node_wasm(wasm_exec_env_t, char*)[m[Kâ€™:
[4.279s] [01m[K/home/oss/b1018262/ROS/ros2-on-wasmer/dev_ws/src/pubsub_wasm/src/function.hpp:42:18:[m[K [01;31m[Kerror: [m[Krequest for member â€˜[01m[Knodes[m[Kâ€™ in â€˜[01m[Kros_data[m[Kâ€™, which is of non-class type â€˜[01m[KRosData()[m[Kâ€™
[4.279s]    while(ros_data.[01;31m[Knodes[m[K.count(id)>0){
[4.279s]                   [01;31m[K^~~~~[m[K
[4.280s] [01m[K/home/oss/b1018262/ROS/ros2-on-wasmer/dev_ws/src/pubsub_wasm/src/function.hpp:45:12:[m[K [01;31m[Kerror: [m[Krequest for member â€˜[01m[Knodes[m[Kâ€™ in â€˜[01m[Kros_data[m[Kâ€™, which is of non-class type â€˜[01m[KRosData()[m[Kâ€™
[4.280s]    ros_data.[01;31m[Knodes[m[K.insert(make_pair(id,node));
[4.281s]             [01;31m[K^~~~~[m[K
[4.287s] [01m[K/home/oss/b1018262/ROS/ros2-on-wasmer/dev_ws/src/pubsub_wasm/src/function.hpp:38:38:[m[K [01;35m[Kwarning: [m[Kunused parameter â€˜[01m[Kexec_env[m[Kâ€™ [[01;35m[K-Wunused-parameter[m[K]
[4.288s]  u32 create_node_wasm([01;35m[Kwasm_exec_env_t exec_env[m[K, char *node_name)
[4.289s]                       [01;35m[K~~~~~~~~~~~~~~~~^~~~~~~~[m[K
[4.290s] [01m[K/home/oss/b1018262/ROS/ros2-on-wasmer/dev_ws/src/pubsub_wasm/src/function.hpp:[m[K In function â€˜[01m[Ku32 create_publisher_wasm(wasm_exec_env_t, u32, char*)[m[Kâ€™:
[4.291s] [01m[K/home/oss/b1018262/ROS/ros2-on-wasmer/dev_ws/src/pubsub_wasm/src/function.hpp:51:24:[m[K [01;31m[Kerror: [m[Krequest for member â€˜[01m[Knodes[m[Kâ€™ in â€˜[01m[Kros_data[m[Kâ€™, which is of non-class type â€˜[01m[KRosData()[m[Kâ€™
[4.292s]    auto node = ros_data.[01;31m[Knodes[m[K[node_id];
[4.292s]                         [01;31m[K^~~~~[m[K
[4.293s] [01m[K/home/oss/b1018262/ROS/ros2-on-wasmer/dev_ws/src/pubsub_wasm/src/function.hpp:52:64:[m[K [01;31m[Kerror: [m[Kexpected primary-expression before â€˜[01m[K>[m[Kâ€™ token
[4.293s]    auto publisher = node->create_publisher<std_msgs::msg::String[01;31m[K>[m[K(topic_name, 10);
[4.293s]                                                                 [01;31m[K^[m[K
[4.294s] [01m[K/home/oss/b1018262/ROS/ros2-on-wasmer/dev_ws/src/pubsub_wasm/src/function.hpp:52:78:[m[K [01;35m[Kwarning: [m[Kleft operand of comma operator has no effect [[01;35m[K-Wunused-value[m[K]
[4.295s]    auto publisher = node->create_publisher<std_msgs::msg::String>(topic_name, [01;35m[K10[m[K);
[4.295s]                                                                               [01;35m[K^~[m[K
[4.296s] [01m[K/home/oss/b1018262/ROS/ros2-on-wasmer/dev_ws/src/pubsub_wasm/src/function.hpp:54:18:[m[K [01;31m[Kerror: [m[Krequest for member â€˜[01m[Kpublishers[m[Kâ€™ in â€˜[01m[Kros_data[m[Kâ€™, which is of non-class type â€˜[01m[KRosData()[m[Kâ€™
[4.296s]    while(ros_data.[01;31m[Kpublishers[m[K.count(id)>0){
[4.297s]                   [01;31m[K^~~~~~~~~~[m[K
[4.297s] [01m[K/home/oss/b1018262/ROS/ros2-on-wasmer/dev_ws/src/pubsub_wasm/src/function.hpp:57:12:[m[K [01;31m[Kerror: [m[Krequest for member â€˜[01m[Kpublishers[m[Kâ€™ in â€˜[01m[Kros_data[m[Kâ€™, which is of non-class type â€˜[01m[KRosData()[m[Kâ€™
[4.297s]    ros_data.[01;31m[Kpublishers[m[K.insert(make_pair(id,publisher));
[4.298s]             [01;31m[K^~~~~~~~~~[m[K
[4.299s] [01m[K/home/oss/b1018262/ROS/ros2-on-wasmer/dev_ws/src/pubsub_wasm/src/function.hpp:57:30:[m[K [01;31m[Kerror: [m[Kâ€˜[01m[Kmake_pair[m[Kâ€™ was not declared in this scope
[4.299s]    ros_data.publishers.insert([01;31m[Kmake_pair[m[K(id,publisher));
[4.300s]                               [01;31m[K^~~~~~~~~[m[K
[4.300s] [01m[K/home/oss/b1018262/ROS/ros2-on-wasmer/dev_ws/src/pubsub_wasm/src/function.hpp:57:30:[m[K [01;36m[Knote: [m[Ksuggested alternative:
[4.300s] In file included from [01m[K/usr/include/c++/8/bits/stl_algobase.h:64[m[K,
[4.301s]                  from [01m[K/usr/include/c++/8/memory:62[m[K,
[4.301s]                  from [01m[K/home/oss/b1018262/ROS/ros2-on-wasmer/dev_ws/src/pubsub_wasm/src/wasm_node.cpp:16[m[K:
[4.302s] [01m[K/usr/include/c++/8/bits/stl_pair.h:524:5:[m[K [01;36m[Knote: [m[K  â€˜[01m[Kstd::make_pair[m[Kâ€™
[4.302s]      [01;36m[Kmake_pair[m[K(_T1&& __x, _T2&& __y)
[4.303s]      [01;36m[K^~~~~~~~~[m[K
[4.303s] In file included from [01m[K/home/oss/b1018262/ROS/ros2-on-wasmer/dev_ws/src/pubsub_wasm/src/wasm_node.cpp:20[m[K:
[4.304s] [01m[K/home/oss/b1018262/ROS/ros2-on-wasmer/dev_ws/src/pubsub_wasm/src/function.hpp:49:43:[m[K [01;35m[Kwarning: [m[Kunused parameter â€˜[01m[Kexec_env[m[Kâ€™ [[01;35m[K-Wunused-parameter[m[K]
[4.304s]  u32 create_publisher_wasm([01;35m[Kwasm_exec_env_t exec_env[m[K, u32 node_id, char *topic_name)
[4.305s]                            [01;35m[K~~~~~~~~~~~~~~~~^~~~~~~~[m[K
[4.305s] [01m[K/home/oss/b1018262/ROS/ros2-on-wasmer/dev_ws/src/pubsub_wasm/src/function.hpp:[m[K In function â€˜[01m[Kvoid publish_wasm(wasm_exec_env_t, u32, char*)[m[Kâ€™:
[4.306s] [01m[K/home/oss/b1018262/ROS/ros2-on-wasmer/dev_ws/src/pubsub_wasm/src/function.hpp:64:29:[m[K [01;31m[Kerror: [m[Krequest for member â€˜[01m[Kpublishers[m[Kâ€™ in â€˜[01m[Kros_data[m[Kâ€™, which is of non-class type â€˜[01m[KRosData()[m[Kâ€™
[4.306s]    auto publisher = ros_data.[01;31m[Kpublishers[m[K[publisher_id];
[4.307s]                              [01;31m[K^~~~~~~~~~[m[K
[4.307s] [01m[K/home/oss/b1018262/ROS/ros2-on-wasmer/dev_ws/src/pubsub_wasm/src/function.hpp:61:35:[m[K [01;35m[Kwarning: [m[Kunused parameter â€˜[01m[Kexec_env[m[Kâ€™ [[01;35m[K-Wunused-parameter[m[K]
[4.307s]  void publish_wasm([01;35m[Kwasm_exec_env_t exec_env[m[K, u32 publisher_id, char* msg)
[4.308s]                    [01;35m[K~~~~~~~~~~~~~~~~^~~~~~~~[m[K
[4.308s] [01m[K/home/oss/b1018262/ROS/ros2-on-wasmer/dev_ws/src/pubsub_wasm/src/wasm_node.cpp:[m[K In function â€˜[01m[Kvoid init_wamr()[m[Kâ€™:
[4.309s] [01m[K/home/oss/b1018262/ROS/ros2-on-wasmer/dev_ws/src/pubsub_wasm/src/wasm_node.cpp:53:7:[m[K [01;35m[Kwarning: [m[Kinvalid conversion from â€˜[01m[Ku32 (*)(wasm_exec_env_t, char*)[m[Kâ€™ {aka â€˜[01m[Kunsigned int (*)(WASMExecEnv*, char*)[m[Kâ€™} to â€˜[01m[Kvoid*[m[Kâ€™ [[01;35m[K-fpermissive[m[K]
[4.309s]        [01;35m[K}[m[K;
[4.310s]        [01;35m[K^[m[K
[4.310s] [01m[K/home/oss/b1018262/ROS/ros2-on-wasmer/dev_ws/src/pubsub_wasm/src/wasm_node.cpp:53:7:[m[K [01;35m[Kwarning: [m[Kmissing initializer for member â€˜[01m[KNativeSymbol::attachment[m[Kâ€™ [[01;35m[K-Wmissing-field-initializers[m[K]
[4.311s] [01m[K/home/oss/b1018262/ROS/ros2-on-wasmer/dev_ws/src/pubsub_wasm/src/wasm_node.cpp:53:7:[m[K [01;35m[Kwarning: [m[Kinvalid conversion from â€˜[01m[Ku32 (*)(wasm_exec_env_t, u32, char*)[m[Kâ€™ {aka â€˜[01m[Kunsigned int (*)(WASMExecEnv*, unsigned int, char*)[m[Kâ€™} to â€˜[01m[Kvoid*[m[Kâ€™ [[01;35m[K-fpermissive[m[K]
[4.311s] [01m[K/home/oss/b1018262/ROS/ros2-on-wasmer/dev_ws/src/pubsub_wasm/src/wasm_node.cpp:53:7:[m[K [01;35m[Kwarning: [m[Kmissing initializer for member â€˜[01m[KNativeSymbol::attachment[m[Kâ€™ [[01;35m[K-Wmissing-field-initializers[m[K]
[4.312s] [01m[K/home/oss/b1018262/ROS/ros2-on-wasmer/dev_ws/src/pubsub_wasm/src/wasm_node.cpp:53:7:[m[K [01;35m[Kwarning: [m[Kinvalid conversion from â€˜[01m[Kvoid (*)(wasm_exec_env_t, u32, char*)[m[Kâ€™ {aka â€˜[01m[Kvoid (*)(WASMExecEnv*, unsigned int, char*)[m[Kâ€™} to â€˜[01m[Kvoid*[m[Kâ€™ [[01;35m[K-fpermissive[m[K]
[4.312s] [01m[K/home/oss/b1018262/ROS/ros2-on-wasmer/dev_ws/src/pubsub_wasm/src/wasm_node.cpp:53:7:[m[K [01;35m[Kwarning: [m[Kmissing initializer for member â€˜[01m[KNativeSymbol::attachment[m[Kâ€™ [[01;35m[K-Wmissing-field-initializers[m[K]
[4.797s] In file included from [01m[K/home/oss/b1018262/ROS/ros2-on-wasmer/dev_ws/src/pubsub_wasm/src/wasm_node.cpp:20[m[K:
[4.797s] [01m[K/home/oss/b1018262/ROS/ros2-on-wasmer/dev_ws/src/pubsub_wasm/src/function.hpp:[m[K At global scope:
[4.798s] [01m[K/home/oss/b1018262/ROS/ros2-on-wasmer/dev_ws/src/pubsub_wasm/src/function.hpp:23:16:[m[K [01;35m[Kwarning: [m[Kâ€˜[01m[KRosData ros_data()[m[Kâ€™ declared â€˜[01m[Kstatic[m[Kâ€™ but never defined [[01;35m[K-Wunused-function[m[K]
[4.798s]  static RosData [01;35m[Kros_data[m[K();
[4.799s]                 [01;35m[K^~~~~~~~[m[K
[4.906s] CMakeFiles/talker_wasm.dir/build.make:62: recipe for target 'CMakeFiles/talker_wasm.dir/src/wasm_node.cpp.o' failed
[4.906s] make[2]: *** [CMakeFiles/talker_wasm.dir/src/wasm_node.cpp.o] Error 1
[4.907s] CMakeFiles/Makefile2:136: recipe for target 'CMakeFiles/talker_wasm.dir/all' failed
[4.908s] make[1]: *** [CMakeFiles/talker_wasm.dir/all] Error 2
[4.908s] Makefile:140: recipe for target 'all' failed
[4.908s] make: *** [all] Error 2
[4.913s] Invoked command in '/home/oss/b1018262/ROS/ros2-on-wasmer/dev_ws/build/pubsub_wasm' returned '2': CMAKE_PREFIX_PATH=${CMAKE_PREFIX_PATH}:/opt/ros/dashing /usr/bin/cmake --build /home/oss/b1018262/ROS/ros2-on-wasmer/dev_ws/build/pubsub_wasm -- -j4 -l4
