[0.080s] Invoking command in '/home/oss/b1018262/ROS/ros2-on-wasmer/dev_ws/build/pubsub_wasm': CMAKE_PREFIX_PATH=${CMAKE_PREFIX_PATH}:/opt/ros/dashing /usr/bin/cmake --build /home/oss/b1018262/ROS/ros2-on-wasmer/dev_ws/build/pubsub_wasm -- -j4 -l4
[0.247s] [35m[1mScanning dependencies of target talker_wasm[0m
[0.305s] [ 50%] Built target talker_node
[0.338s] [ 75%] [32mBuilding CXX object CMakeFiles/talker_wasm.dir/src/wasm_node.cpp.o[0m
[4.336s] In file included from [01m[K/home/oss/b1018262/ROS/ros2-on-wasmer/dev_ws/src/pubsub_wasm/src/wasm_node.cpp:20[m[K:
[4.337s] [01m[K/home/oss/b1018262/ROS/ros2-on-wasmer/dev_ws/src/pubsub_wasm/src/function.hpp:17:2:[m[K [01;31m[Kerror: [m[Kexpected â€˜[01m[K;[m[Kâ€™ after struct definition
[4.337s]  }
[4.338s]   [01;31m[K^[m[K
[4.339s]   [32m[K;[m[K
[4.339s] [01m[K/home/oss/b1018262/ROS/ros2-on-wasmer/dev_ws/src/pubsub_wasm/src/function.hpp:[m[K In function â€˜[01m[Ku32 create_node_wasm(wasm_exec_env_t, char*)[m[Kâ€™:
[4.340s] [01m[K/home/oss/b1018262/ROS/ros2-on-wasmer/dev_ws/src/pubsub_wasm/src/function.hpp:25:18:[m[K [01;31m[Kerror: [m[Krequest for member â€˜[01m[Knodes[m[Kâ€™ in â€˜[01m[Kros_data[m[Kâ€™, which is of non-class type â€˜[01m[KRosData()[m[Kâ€™
[4.340s]    while(ros_data.[01;31m[Knodes[m[K.count(id)>0){
[4.341s]                   [01;31m[K^~~~~[m[K
[4.341s] [01m[K/home/oss/b1018262/ROS/ros2-on-wasmer/dev_ws/src/pubsub_wasm/src/function.hpp:28:12:[m[K [01;31m[Kerror: [m[Krequest for member â€˜[01m[Knodes[m[Kâ€™ in â€˜[01m[Kros_data[m[Kâ€™, which is of non-class type â€˜[01m[KRosData()[m[Kâ€™
[4.342s]    ros_data.[01;31m[Knodes[m[K.insert(make_pair(id,node));
[4.342s]             [01;31m[K^~~~~[m[K
[4.350s] [01m[K/home/oss/b1018262/ROS/ros2-on-wasmer/dev_ws/src/pubsub_wasm/src/function.hpp:21:38:[m[K [01;35m[Kwarning: [m[Kunused parameter â€˜[01m[Kexec_env[m[Kâ€™ [[01;35m[K-Wunused-parameter[m[K]
[4.351s]  u32 create_node_wasm([01;35m[Kwasm_exec_env_t exec_env[m[K, char *node_name)
[4.352s]                       [01;35m[K~~~~~~~~~~~~~~~~^~~~~~~~[m[K
[4.352s] [01m[K/home/oss/b1018262/ROS/ros2-on-wasmer/dev_ws/src/pubsub_wasm/src/function.hpp:[m[K In function â€˜[01m[Ku32 create_publisher_wasm(wasm_exec_env_t, u32, char*)[m[Kâ€™:
[4.354s] [01m[K/home/oss/b1018262/ROS/ros2-on-wasmer/dev_ws/src/pubsub_wasm/src/function.hpp:34:24:[m[K [01;31m[Kerror: [m[Krequest for member â€˜[01m[Knodes[m[Kâ€™ in â€˜[01m[Kros_data[m[Kâ€™, which is of non-class type â€˜[01m[KRosData()[m[Kâ€™
[4.354s]    auto node = ros_data.[01;31m[Knodes[m[K[node_id];
[4.355s]                         [01;31m[K^~~~~[m[K
[4.355s] [01m[K/home/oss/b1018262/ROS/ros2-on-wasmer/dev_ws/src/pubsub_wasm/src/function.hpp:35:64:[m[K [01;31m[Kerror: [m[Kexpected primary-expression before â€˜[01m[K>[m[Kâ€™ token
[4.356s]    auto publisher = node->create_publisher<std_msgs::msg::String[01;31m[K>[m[K(topic_name, 10);
[4.356s]                                                                 [01;31m[K^[m[K
[4.357s] [01m[K/home/oss/b1018262/ROS/ros2-on-wasmer/dev_ws/src/pubsub_wasm/src/function.hpp:35:78:[m[K [01;35m[Kwarning: [m[Kleft operand of comma operator has no effect [[01;35m[K-Wunused-value[m[K]
[4.357s]    auto publisher = node->create_publisher<std_msgs::msg::String>(topic_name, [01;35m[K10[m[K);
[4.358s]                                                                               [01;35m[K^~[m[K
[4.358s] [01m[K/home/oss/b1018262/ROS/ros2-on-wasmer/dev_ws/src/pubsub_wasm/src/function.hpp:37:18:[m[K [01;31m[Kerror: [m[Krequest for member â€˜[01m[Kpublishers[m[Kâ€™ in â€˜[01m[Kros_data[m[Kâ€™, which is of non-class type â€˜[01m[KRosData()[m[Kâ€™
[4.359s]    while(ros_data.[01;31m[Kpublishers[m[K.count(id)>0){
[4.359s]                   [01;31m[K^~~~~~~~~~[m[K
[4.360s] [01m[K/home/oss/b1018262/ROS/ros2-on-wasmer/dev_ws/src/pubsub_wasm/src/function.hpp:40:12:[m[K [01;31m[Kerror: [m[Krequest for member â€˜[01m[Kpublishers[m[Kâ€™ in â€˜[01m[Kros_data[m[Kâ€™, which is of non-class type â€˜[01m[KRosData()[m[Kâ€™
[4.360s]    ros_data.[01;31m[Kpublishers[m[K.insert(make_pair(id,publisher));
[4.361s]             [01;31m[K^~~~~~~~~~[m[K
[4.361s] [01m[K/home/oss/b1018262/ROS/ros2-on-wasmer/dev_ws/src/pubsub_wasm/src/function.hpp:40:30:[m[K [01;31m[Kerror: [m[Kâ€˜[01m[Kmake_pair[m[Kâ€™ was not declared in this scope
[4.362s]    ros_data.publishers.insert([01;31m[Kmake_pair[m[K(id,publisher));
[4.362s]                               [01;31m[K^~~~~~~~~[m[K
[4.363s] [01m[K/home/oss/b1018262/ROS/ros2-on-wasmer/dev_ws/src/pubsub_wasm/src/function.hpp:40:30:[m[K [01;36m[Knote: [m[Ksuggested alternative:
[4.363s] In file included from [01m[K/usr/include/c++/8/bits/stl_algobase.h:64[m[K,
[4.364s]                  from [01m[K/usr/include/c++/8/memory:62[m[K,
[4.364s]                  from [01m[K/home/oss/b1018262/ROS/ros2-on-wasmer/dev_ws/src/pubsub_wasm/src/wasm_node.cpp:16[m[K:
[4.365s] [01m[K/usr/include/c++/8/bits/stl_pair.h:524:5:[m[K [01;36m[Knote: [m[K  â€˜[01m[Kstd::make_pair[m[Kâ€™
[4.365s]      [01;36m[Kmake_pair[m[K(_T1&& __x, _T2&& __y)
[4.366s]      [01;36m[K^~~~~~~~~[m[K
[4.366s] In file included from [01m[K/home/oss/b1018262/ROS/ros2-on-wasmer/dev_ws/src/pubsub_wasm/src/wasm_node.cpp:20[m[K:
[4.367s] [01m[K/home/oss/b1018262/ROS/ros2-on-wasmer/dev_ws/src/pubsub_wasm/src/function.hpp:32:43:[m[K [01;35m[Kwarning: [m[Kunused parameter â€˜[01m[Kexec_env[m[Kâ€™ [[01;35m[K-Wunused-parameter[m[K]
[4.367s]  u32 create_publisher_wasm([01;35m[Kwasm_exec_env_t exec_env[m[K, u32 node_id, char *topic_name)
[4.368s]                            [01;35m[K~~~~~~~~~~~~~~~~^~~~~~~~[m[K
[4.368s] [01m[K/home/oss/b1018262/ROS/ros2-on-wasmer/dev_ws/src/pubsub_wasm/src/function.hpp:[m[K In function â€˜[01m[Kvoid publish_wasm(wasm_exec_env_t, u32, char*)[m[Kâ€™:
[4.369s] [01m[K/home/oss/b1018262/ROS/ros2-on-wasmer/dev_ws/src/pubsub_wasm/src/function.hpp:47:29:[m[K [01;31m[Kerror: [m[Krequest for member â€˜[01m[Kpublishers[m[Kâ€™ in â€˜[01m[Kros_data[m[Kâ€™, which is of non-class type â€˜[01m[KRosData()[m[Kâ€™
[4.369s]    auto publisher = ros_data.[01;31m[Kpublishers[m[K[publisher_id];
[4.370s]                              [01;31m[K^~~~~~~~~~[m[K
[4.370s] [01m[K/home/oss/b1018262/ROS/ros2-on-wasmer/dev_ws/src/pubsub_wasm/src/function.hpp:44:35:[m[K [01;35m[Kwarning: [m[Kunused parameter â€˜[01m[Kexec_env[m[Kâ€™ [[01;35m[K-Wunused-parameter[m[K]
[4.371s]  void publish_wasm([01;35m[Kwasm_exec_env_t exec_env[m[K, u32 publisher_id, char* msg)
[4.371s]                    [01;35m[K~~~~~~~~~~~~~~~~^~~~~~~~[m[K
[4.372s] [01m[K/home/oss/b1018262/ROS/ros2-on-wasmer/dev_ws/src/pubsub_wasm/src/wasm_node.cpp:[m[K In function â€˜[01m[Kvoid init_wamr()[m[Kâ€™:
[4.372s] [01m[K/home/oss/b1018262/ROS/ros2-on-wasmer/dev_ws/src/pubsub_wasm/src/wasm_node.cpp:53:7:[m[K [01;35m[Kwarning: [m[Kinvalid conversion from â€˜[01m[Ku32 (*)(wasm_exec_env_t, char*)[m[Kâ€™ {aka â€˜[01m[Kunsigned int (*)(WASMExecEnv*, char*)[m[Kâ€™} to â€˜[01m[Kvoid*[m[Kâ€™ [[01;35m[K-fpermissive[m[K]
[4.373s]        [01;35m[K}[m[K;
[4.373s]        [01;35m[K^[m[K
[4.374s] [01m[K/home/oss/b1018262/ROS/ros2-on-wasmer/dev_ws/src/pubsub_wasm/src/wasm_node.cpp:53:7:[m[K [01;35m[Kwarning: [m[Kmissing initializer for member â€˜[01m[KNativeSymbol::attachment[m[Kâ€™ [[01;35m[K-Wmissing-field-initializers[m[K]
[4.374s] [01m[K/home/oss/b1018262/ROS/ros2-on-wasmer/dev_ws/src/pubsub_wasm/src/wasm_node.cpp:53:7:[m[K [01;35m[Kwarning: [m[Kinvalid conversion from â€˜[01m[Ku32 (*)(wasm_exec_env_t, u32, char*)[m[Kâ€™ {aka â€˜[01m[Kunsigned int (*)(WASMExecEnv*, unsigned int, char*)[m[Kâ€™} to â€˜[01m[Kvoid*[m[Kâ€™ [[01;35m[K-fpermissive[m[K]
[4.375s] [01m[K/home/oss/b1018262/ROS/ros2-on-wasmer/dev_ws/src/pubsub_wasm/src/wasm_node.cpp:53:7:[m[K [01;35m[Kwarning: [m[Kmissing initializer for member â€˜[01m[KNativeSymbol::attachment[m[Kâ€™ [[01;35m[K-Wmissing-field-initializers[m[K]
[4.375s] [01m[K/home/oss/b1018262/ROS/ros2-on-wasmer/dev_ws/src/pubsub_wasm/src/wasm_node.cpp:53:7:[m[K [01;35m[Kwarning: [m[Kinvalid conversion from â€˜[01m[Kvoid (*)(wasm_exec_env_t, u32, char*)[m[Kâ€™ {aka â€˜[01m[Kvoid (*)(WASMExecEnv*, unsigned int, char*)[m[Kâ€™} to â€˜[01m[Kvoid*[m[Kâ€™ [[01;35m[K-fpermissive[m[K]
[4.376s] [01m[K/home/oss/b1018262/ROS/ros2-on-wasmer/dev_ws/src/pubsub_wasm/src/wasm_node.cpp:53:7:[m[K [01;35m[Kwarning: [m[Kmissing initializer for member â€˜[01m[KNativeSymbol::attachment[m[Kâ€™ [[01;35m[K-Wmissing-field-initializers[m[K]
[4.843s] In file included from [01m[K/home/oss/b1018262/ROS/ros2-on-wasmer/dev_ws/src/pubsub_wasm/src/wasm_node.cpp:20[m[K:
[4.844s] [01m[K/home/oss/b1018262/ROS/ros2-on-wasmer/dev_ws/src/pubsub_wasm/src/function.hpp:[m[K At global scope:
[4.844s] [01m[K/home/oss/b1018262/ROS/ros2-on-wasmer/dev_ws/src/pubsub_wasm/src/function.hpp:19:23:[m[K [01;35m[Kwarning: [m[Kâ€˜[01m[KRosData ros_data()[m[Kâ€™ declared â€˜[01m[Kstatic[m[Kâ€™ but never defined [[01;35m[K-Wunused-function[m[K]
[4.845s]  static struct RosData [01;35m[Kros_data[m[K();
[4.846s]                        [01;35m[K^~~~~~~~[m[K
[4.952s] make[2]: *** [CMakeFiles/talker_wasm.dir/src/wasm_node.cpp.o] Error 1
[4.953s] CMakeFiles/talker_wasm.dir/build.make:62: recipe for target 'CMakeFiles/talker_wasm.dir/src/wasm_node.cpp.o' failed
[4.954s] CMakeFiles/Makefile2:136: recipe for target 'CMakeFiles/talker_wasm.dir/all' failed
[4.955s] make[1]: *** [CMakeFiles/talker_wasm.dir/all] Error 2
[4.956s] make: *** [all] Error 2
[4.957s] Makefile:140: recipe for target 'all' failed
[4.961s] Invoked command in '/home/oss/b1018262/ROS/ros2-on-wasmer/dev_ws/build/pubsub_wasm' returned '2': CMAKE_PREFIX_PATH=${CMAKE_PREFIX_PATH}:/opt/ros/dashing /usr/bin/cmake --build /home/oss/b1018262/ROS/ros2-on-wasmer/dev_ws/build/pubsub_wasm -- -j4 -l4
